{"uuid":"b1398713-4887-436c-b140-ab6ef0f119e0","historyId":"6e48c4d2a9120abab5d7184da7559d83","fullName":"org.example.web.tests.LoginTest.test_VWOLogin_Negative","labels":[{"name":"package","value":"org.example.web.tests.LoginTest"},{"name":"testClass","value":"org.example.web.tests.LoginTest"},{"name":"testMethod","value":"test_VWOLogin_Negative"},{"name":"parentSuite","value":"Default Suite"},{"name":"suite","value":"SeleniumFrameworkFinal"},{"name":"subSuite","value":"org.example.web.tests.LoginTest"},{"name":"host","value":"MSI"},{"name":"thread","value":"11216@MSI.main(1)"},{"name":"framework","value":"testng"},{"name":"language","value":"java"},{"name":"severity","value":"critical"}],"links":[],"name":"test_VWOLogin_Negative","status":"broken","statusDetails":{"known":false,"muted":false,"flaky":false,"message":"java.io.IOException: Cannot create directory '.\\screenshot\\C:\\Users\\gaura\\AppData\\Local\\Temp'.","trace":"java.lang.RuntimeException: java.io.IOException: Cannot create directory '.\\screenshot\\C:\\Users\\gaura\\AppData\\Local\\Temp'.\r\n\tat org.example.utils.ScreenShotListener.onTestFailure(ScreenShotListener.java:28)\r\n\tat org.testng.internal.TestListenerHelper.runTestListeners(TestListenerHelper.java:108)\r\n\tat org.testng.internal.invokers.TestInvoker.runTestResultListener(TestInvoker.java:262)\r\n\tat org.testng.internal.invokers.TestInvoker.invokeMethod(TestInvoker.java:751)\r\n\tat org.testng.internal.invokers.TestInvoker.invokeTestMethod(TestInvoker.java:227)\r\n\tat org.testng.internal.invokers.MethodRunner.runInSequence(MethodRunner.java:50)\r\n\tat org.testng.internal.invokers.TestInvoker$MethodInvocationAgent.invoke(TestInvoker.java:957)\r\n\tat org.testng.internal.invokers.TestInvoker.invokeTestMethods(TestInvoker.java:200)\r\n\tat org.testng.internal.invokers.TestMethodWorker.invokeTestMethods(TestMethodWorker.java:148)\r\n\tat org.testng.internal.invokers.TestMethodWorker.run(TestMethodWorker.java:128)\r\n\tat java.base/java.util.ArrayList.forEach(ArrayList.java:1511)\r\n\tat org.testng.TestRunner.privateRun(TestRunner.java:848)\r\n\tat org.testng.TestRunner.run(TestRunner.java:621)\r\n\tat org.testng.SuiteRunner.runTest(SuiteRunner.java:443)\r\n\tat org.testng.SuiteRunner.runSequentially(SuiteRunner.java:437)\r\n\tat org.testng.SuiteRunner.privateRun(SuiteRunner.java:397)\r\n\tat org.testng.SuiteRunner.run(SuiteRunner.java:336)\r\n\tat org.testng.SuiteRunnerWorker.runSuite(SuiteRunnerWorker.java:52)\r\n\tat org.testng.SuiteRunnerWorker.run(SuiteRunnerWorker.java:95)\r\n\tat org.testng.TestNG.runSuitesSequentially(TestNG.java:1280)\r\n\tat org.testng.TestNG.runSuitesLocally(TestNG.java:1200)\r\n\tat org.testng.TestNG.runSuites(TestNG.java:1114)\r\n\tat org.testng.TestNG.run(TestNG.java:1082)\r\n\tat com.intellij.rt.testng.IDEARemoteTestNG.run(IDEARemoteTestNG.java:66)\r\n\tat com.intellij.rt.testng.RemoteTestNGStarter.main(RemoteTestNGStarter.java:109)\r\nCaused by: java.io.IOException: Cannot create directory '.\\screenshot\\C:\\Users\\gaura\\AppData\\Local\\Temp'.\r\n\tat org.apache.commons.io.FileUtils.mkdirs(FileUtils.java:2200)\r\n\tat org.apache.commons.io.FileUtils.createParentDirectories(FileUtils.java:1113)\r\n\tat org.apache.commons.io.FileUtils.copyFile(FileUtils.java:843)\r\n\tat org.apache.commons.io.FileUtils.copyFile(FileUtils.java:756)\r\n\tat org.example.utils.ScreenShotListener.onTestFailure(ScreenShotListener.java:26)\r\n\t... 24 more\r\n"},"stage":"finished","description":"Verify that invalid login credentials are not working","steps":[],"attachments":[],"parameters":[],"start":1695737070002,"stop":1695737070002}